<?xml version="1.0" encoding="UTF-8"?>
<testng-results ignored="0" total="1" passed="0" failed="1" skipped="0">
  <reporter-output>
  </reporter-output>
  <suite started-at="2025-10-30T10:47:17 IST" name="Default suite" finished-at="2025-10-30T10:49:11 IST" duration-ms="113462">
    <groups>
      <group name="cucumber">
        <method signature="AbstractTestNGCucumberTests.runScenario(io.cucumber.testng.PickleWrapper,io.cucumber.testng.FeatureWrapper)[pri:0, instance:runners.TestRunner@332a7fce]" name="runScenario" class="io.cucumber.testng.AbstractTestNGCucumberTests"/>
      </group> <!-- cucumber -->
    </groups>
    <test started-at="2025-10-30T10:47:17 IST" name="Default test" finished-at="2025-10-30T10:49:11 IST" duration-ms="113462">
      <class name="runners.TestRunner">
        <test-method is-config="true" signature="setUpClass(org.testng.ITestContext)[pri:0, instance:runners.TestRunner@332a7fce]" started-at="2025-10-30T10:47:17 IST" name="setUpClass" finished-at="2025-10-30T10:47:19 IST" duration-ms="1637" status="PASS">
          <params>
            <param index="0">
              <value>
                <![CDATA[org.testng.TestRunner@57f31caf]]>
              </value>
            </param>
          </params>
          <reporter-output>
          </reporter-output>
        </test-method> <!-- setUpClass -->
        <test-method signature="runScenario(io.cucumber.testng.PickleWrapper,io.cucumber.testng.FeatureWrapper)[pri:0, instance:runners.TestRunner@332a7fce]" started-at="2025-10-30T10:47:19 IST" name="runScenario" description="Runs Cucumber Scenarios" data-provider="scenarios" finished-at="2025-10-30T10:49:11 IST" duration-ms="111664" status="FAIL">
          <params>
            <param index="0">
              <value>
                <![CDATA["Login to Gmail using GitHub credentials"]]>
              </value>
            </param>
            <param index="1">
              <value>
                <![CDATA["Gmail Login using GitHub Account"]]>
              </value>
            </param>
          </params>
          <exception class="java.lang.AssertionError">
            <message>
              <![CDATA[Gmail login verification failed]]>
            </message>
            <full-stacktrace>
              <![CDATA[java.lang.AssertionError: Gmail login verification failed
at org.testng.Assert.fail(Assert.java:111)
at stepDefinitions.GmailGitHubSteps.i_should_be_logged_into_gmail_successfully(GmailGitHubSteps.java:128)
at ✽.I should be logged into Gmail successfully(file:///C:/Users/91965/eclipse-workspace/SeleniumDemo/src/test/java/features/GmailGitHubLogin.feature:7)
]]>
            </full-stacktrace>
          </exception> <!-- java.lang.AssertionError -->
          <reporter-output>
          </reporter-output>
        </test-method> <!-- runScenario -->
        <test-method is-config="true" signature="tearDownClass()[pri:0, instance:runners.TestRunner@332a7fce]" started-at="2025-10-30T10:49:11 IST" name="tearDownClass" finished-at="2025-10-30T10:49:11 IST" duration-ms="46" status="PASS">
          <reporter-output>
          </reporter-output>
        </test-method> <!-- tearDownClass -->
      </class> <!-- runners.TestRunner -->
    </test> <!-- Default test -->
  </suite> <!-- Default suite -->
</testng-results>
