<?xml version="1.0" encoding="UTF-8"?>
<!-- Generated by org.testng.reporters.JUnitReportReporter -->
<testsuite hostname="LAPTOP-BV9HFBCT" failures="1" tests="1" name="runners.TestRunner" time="111.664" errors="0" timestamp="2025-10-30T10:49:11 IST" skipped="0">
  <testcase classname="runners.TestRunner" name="runScenario" time="111.664">
    <failure message="Gmail login verification failed" type="java.lang.AssertionError">
      <![CDATA[java.lang.AssertionError: Gmail login verification failed
at org.testng.Assert.fail(Assert.java:111)
at stepDefinitions.GmailGitHubSteps.i_should_be_logged_into_gmail_successfully(GmailGitHubSteps.java:128)
at ✽.I should be logged into Gmail successfully(file:///C:/Users/91965/eclipse-workspace/SeleniumDemo/src/test/java/features/GmailGitHubLogin.feature:7)
]]>
    </failure>
  </testcase> <!-- runScenario -->
</testsuite> <!-- runners.TestRunner -->
